{"numFailedTestSuites":25,"numFailedTests":0,"numPassedTestSuites":0,"numPassedTests":0,"numPendingTestSuites":0,"numPendingTests":0,"numRuntimeErrorTestSuites":25,"numTodoTests":0,"numTotalTestSuites":25,"numTotalTests":0,"openHandles":[],"snapshot":{"added":0,"didUpdate":false,"failure":false,"filesAdded":0,"filesRemoved":0,"filesRemovedList":[],"filesUnmatched":0,"filesUpdated":0,"matched":0,"total":0,"unchecked":0,"uncheckedKeysByFile":[],"unmatched":0,"updated":0},"startTime":1754023957238,"success":false,"testResults":[{"assertionResults":[],"coverage":{},"endTime":1754023961326,"message":"  \u001b[1m● \u001b[22mTest suite failed to run\n\n    \u001b[91merror\u001b[0m\u001b[90m TS5083: \u001b[0mCannot read file 'F:/github-dev/tsconfig.json'.\n","name":"F:\\github-dev\\n3logic\\n3logic-vscode-extension\\tests\\reasoner\\tripleUtils.test.ts","startTime":1754023961326,"status":"failed","summary":""},{"assertionResults":[],"coverage":{},"endTime":1754023961326,"message":"  \u001b[1m● \u001b[22mTest suite failed to run\n\n    \u001b[91merror\u001b[0m\u001b[90m TS5083: \u001b[0mCannot read file 'F:/github-dev/tsconfig.json'.\n","name":"F:\\github-dev\\n3logic\\n3logic-vscode-extension\\tests\\reasoner\\hooks.test.ts","startTime":1754023961326,"status":"failed","summary":""},{"assertionResults":[],"coverage":{},"endTime":1754023961326,"message":"  \u001b[1m● \u001b[22mTest suite failed to run\n\n    \u001b[91merror\u001b[0m\u001b[90m TS5083: \u001b[0mCannot read file 'F:/github-dev/tsconfig.json'.\n","name":"F:\\github-dev\\n3logic\\n3logic-vscode-extension\\tests\\reasoner\\debug.test.ts","startTime":1754023961326,"status":"failed","summary":""},{"assertionResults":[],"coverage":{},"endTime":1754023961326,"message":"  \u001b[1m● \u001b[22mTest suite failed to run\n\n    \u001b[91merror\u001b[0m\u001b[90m TS5083: \u001b[0mCannot read file 'F:/github-dev/tsconfig.json'.\n","name":"F:\\github-dev\\n3logic\\n3logic-vscode-extension\\tests\\reasoner\\builtinsManager.test.ts","startTime":1754023961326,"status":"failed","summary":""},{"assertionResults":[],"coverage":{},"endTime":1754023961326,"message":"  \u001b[1m● \u001b[22mTest suite failed to run\n\n    \u001b[91merror\u001b[0m\u001b[90m TS5083: \u001b[0mCannot read file 'F:/github-dev/tsconfig.json'.\n","name":"F:\\github-dev\\n3logic\\n3logic-vscode-extension\\tests\\reasoner\\builtinEvaluator.test.ts","startTime":1754023961326,"status":"failed","summary":""},{"assertionResults":[],"coverage":{},"endTime":1754023961326,"message":"  \u001b[1m● \u001b[22mTest suite failed to run\n\n    \u001b[91merror\u001b[0m\u001b[90m TS5083: \u001b[0mCannot read file 'F:/github-dev/tsconfig.json'.\n","name":"F:\\github-dev\\n3logic\\n3logic-vscode-extension\\tests\\parser\\TripleTokenizer.test.ts","startTime":1754023961326,"status":"failed","summary":""},{"assertionResults":[],"coverage":{},"endTime":1754023961326,"message":"  \u001b[1m● \u001b[22mTest suite failed to run\n\n    \u001b[91merror\u001b[0m\u001b[90m TS5083: \u001b[0mCannot read file 'F:/github-dev/tsconfig.json'.\n","name":"F:\\github-dev\\n3logic\\n3logic-vscode-extension\\tests\\parser\\TripleSplitter.test.ts","startTime":1754023961326,"status":"failed","summary":""},{"assertionResults":[],"coverage":{},"endTime":1754023961326,"message":"  \u001b[1m● \u001b[22mTest suite failed to run\n\n    \u001b[91merror\u001b[0m\u001b[90m TS5083: \u001b[0mCannot read file 'F:/github-dev/tsconfig.json'.\n","name":"F:\\github-dev\\n3logic\\n3logic-vscode-extension\\tests\\parser\\TermTokenizer.test.ts","startTime":1754023961326,"status":"failed","summary":""},{"assertionResults":[],"coverage":{},"endTime":1754023961326,"message":"  \u001b[1m● \u001b[22mTest suite failed to run\n\n    \u001b[91merror\u001b[0m\u001b[90m TS5083: \u001b[0mCannot read file 'F:/github-dev/tsconfig.json'.\n","name":"F:\\github-dev\\n3logic\\n3logic-vscode-extension\\tests\\parser\\RuleExtractor.test.ts","startTime":1754023961326,"status":"failed","summary":""},{"assertionResults":[],"coverage":{},"endTime":1754023961326,"message":"  \u001b[1m● \u001b[22mTest suite failed to run\n\n    \u001b[91merror\u001b[0m\u001b[90m TS5083: \u001b[0mCannot read file 'F:/github-dev/tsconfig.json'.\n","name":"F:\\github-dev\\n3logic\\n3logic-vscode-extension\\tests\\builtins\\N3LogicTypeBuiltins.test.ts","startTime":1754023961326,"status":"failed","summary":""},{"assertionResults":[],"coverage":{},"endTime":1754023961326,"message":"  \u001b[1m● \u001b[22mTest suite failed to run\n\n    \u001b[91merror\u001b[0m\u001b[90m TS5083: \u001b[0mCannot read file 'F:/github-dev/tsconfig.json'.\n","name":"F:\\github-dev\\n3logic\\n3logic-vscode-extension\\tests\\builtins\\N3LogicTimeBuiltins.test.ts","startTime":1754023961326,"status":"failed","summary":""},{"assertionResults":[],"coverage":{},"endTime":1754023961326,"message":"  \u001b[1m● \u001b[22mTest suite failed to run\n\n    \u001b[91merror\u001b[0m\u001b[90m TS5083: \u001b[0mCannot read file 'F:/github-dev/tsconfig.json'.\n","name":"F:\\github-dev\\n3logic\\n3logic-vscode-extension\\tests\\builtins\\N3LogicStringBuiltins.test.ts","startTime":1754023961326,"status":"failed","summary":""},{"assertionResults":[],"coverage":{},"endTime":1754023961326,"message":"  \u001b[1m● \u001b[22mTest suite failed to run\n\n    \u001b[91merror\u001b[0m\u001b[90m TS5083: \u001b[0mCannot read file 'F:/github-dev/tsconfig.json'.\n","name":"F:\\github-dev\\n3logic\\n3logic-vscode-extension\\tests\\builtins\\N3LogicOtherBuiltins.test.ts","startTime":1754023961326,"status":"failed","summary":""},{"assertionResults":[],"coverage":{},"endTime":1754023961326,"message":"  \u001b[1m● \u001b[22mTest suite failed to run\n\n    \u001b[91merror\u001b[0m\u001b[90m TS5083: \u001b[0mCannot read file 'F:/github-dev/tsconfig.json'.\n","name":"F:\\github-dev\\n3logic\\n3logic-vscode-extension\\tests\\builtins\\N3LogicMathBuiltins.test.ts","startTime":1754023961326,"status":"failed","summary":""},{"assertionResults":[],"coverage":{},"endTime":1754023961326,"message":"  \u001b[1m● \u001b[22mTest suite failed to run\n\n    \u001b[91merror\u001b[0m\u001b[90m TS5083: \u001b[0mCannot read file 'F:/github-dev/tsconfig.json'.\n","name":"F:\\github-dev\\n3logic\\n3logic-vscode-extension\\tests\\builtins\\N3LogicLogicBuiltins.test.ts","startTime":1754023961326,"status":"failed","summary":""},{"assertionResults":[],"coverage":{},"endTime":1754023961326,"message":"  \u001b[1m● \u001b[22mTest suite failed to run\n\n    \u001b[91merror\u001b[0m\u001b[90m TS5083: \u001b[0mCannot read file 'F:/github-dev/tsconfig.json'.\n","name":"F:\\github-dev\\n3logic\\n3logic-vscode-extension\\tests\\builtins\\N3LogicListBuiltins.test.ts","startTime":1754023961326,"status":"failed","summary":""},{"assertionResults":[],"coverage":{},"endTime":1754023961326,"message":"  \u001b[1m● \u001b[22mTest suite failed to run\n\n    \u001b[91merror\u001b[0m\u001b[90m TS5083: \u001b[0mCannot read file 'F:/github-dev/tsconfig.json'.\n","name":"F:\\github-dev\\n3logic\\n3logic-vscode-extension\\tests\\RuleExtractor.test.ts","startTime":1754023961326,"status":"failed","summary":""},{"assertionResults":[],"coverage":{},"endTime":1754023961326,"message":"  \u001b[1m● \u001b[22mTest suite failed to run\n\n    \u001b[91merror\u001b[0m\u001b[90m TS5083: \u001b[0mCannot read file 'F:/github-dev/tsconfig.json'.\n","name":"F:\\github-dev\\n3logic\\n3logic-vscode-extension\\tests\\reasoner.test.ts","startTime":1754023961326,"status":"failed","summary":""},{"assertionResults":[],"coverage":{},"endTime":1754023961326,"message":"  \u001b[1m● \u001b[22mTest suite failed to run\n\n    \u001b[91merror\u001b[0m\u001b[90m TS5083: \u001b[0mCannot read file 'F:/github-dev/tsconfig.json'.\n","name":"F:\\github-dev\\n3logic\\n3logic-vscode-extension\\tests\\N3LogicParser.test.ts","startTime":1754023961326,"status":"failed","summary":""},{"assertionResults":[],"coverage":{},"endTime":1754023961326,"message":"  \u001b[1m● \u001b[22mTest suite failed to run\n\n    \u001b[91merror\u001b[0m\u001b[90m TS5083: \u001b[0mCannot read file 'F:/github-dev/tsconfig.json'.\n","name":"F:\\github-dev\\n3logic\\n3logic-vscode-extension\\tests\\N3LogicTypes.test.ts","startTime":1754023961326,"status":"failed","summary":""},{"assertionResults":[],"coverage":{},"endTime":1754023961326,"message":"  \u001b[1m● \u001b[22mTest suite failed to run\n\n    \u001b[91merror\u001b[0m\u001b[90m TS5083: \u001b[0mCannot read file 'F:/github-dev/tsconfig.json'.\n","name":"F:\\github-dev\\n3logic\\n3logic-vscode-extension\\tests\\N3LogicBuiltins.test.ts","startTime":1754023961326,"status":"failed","summary":""},{"assertionResults":[],"coverage":{},"endTime":1754023961326,"message":"  \u001b[1m● \u001b[22mTest suite failed to run\n\n    \u001b[91merror\u001b[0m\u001b[90m TS5083: \u001b[0mCannot read file 'F:/github-dev/tsconfig.json'.\n","name":"F:\\github-dev\\n3logic\\n3logic-vscode-extension\\tests\\N3LogicHelpers.test.ts","startTime":1754023961326,"status":"failed","summary":""},{"assertionResults":[],"coverage":{},"endTime":1754023961326,"message":"  \u001b[1m● \u001b[22mTest suite failed to run\n\n    \u001b[91merror\u001b[0m\u001b[90m TS5083: \u001b[0mCannot read file 'F:/github-dev/tsconfig.json'.\n","name":"F:\\github-dev\\n3logic\\n3logic-vscode-extension\\tests\\interop.test.ts","startTime":1754023961326,"status":"failed","summary":""},{"assertionResults":[],"coverage":{},"endTime":1754023961326,"message":"  \u001b[1m● \u001b[22mTest suite failed to run\n\n    \u001b[91merror\u001b[0m\u001b[90m TS5083: \u001b[0mCannot read file 'F:/github-dev/tsconfig.json'.\n","name":"F:\\github-dev\\n3logic\\n3logic-vscode-extension\\tests\\N3LogicAIAgentHelper.test.ts","startTime":1754023961326,"status":"failed","summary":""},{"assertionResults":[],"coverage":{},"endTime":1754023961326,"message":"  \u001b[1m● \u001b[22mTest suite failed to run\n\n    \u001b[91merror\u001b[0m\u001b[90m TS5083: \u001b[0mCannot read file 'F:/github-dev/tsconfig.json'.\n","name":"F:\\github-dev\\n3logic\\n3logic-vscode-extension\\tests\\compliance.test.ts","startTime":1754023961326,"status":"failed","summary":""}],"wasInterrupted":false}
